<?xml version="1.0" encoding="UTF-8"?>
<!-- Generated by org.testng.reporters.JUnitXMLReporter -->
<testsuite ignored="5" hostname="DESKTOP-2AKG903" failures="0" tests="1" name="myDemo_2" time="0.029" errors="0" timestamp="2021-08-25T15:33:38 PDT">
  <testcase classname="com.Test.Example_5" name="LoginAPI" time="0.006"/>
  <testcase classname="com.Test.Example_5" name="MobileLogin" time="0.0">
    <ignored/>
  </testcase> <!-- MobileLogin -->
  <testcase classname="com.Test.Example_5" name="MobileSignOut" time="0.0">
    <ignored/>
  </testcase> <!-- MobileSignOut -->
  <testcase classname="com.Test.Example_5" name="WebLogin" time="0.0">
    <ignored/>
  </testcase> <!-- WebLogin -->
  <testcase classname="com.Test.Example_5" name="MobileSignIn" time="0.0">
    <ignored/>
  </testcase> <!-- MobileSignIn -->
  <testcase classname="com.Test.Example_5" name="MobileTest" time="0.0">
    <ignored/>
  </testcase> <!-- MobileTest -->
</testsuite> <!-- myDemo_2 -->
