<?xml version="1.0" encoding="UTF-8"?>
<!-- Generated by org.testng.reporters.JUnitXMLReporter -->
<testsuite ignored="11" hostname="DESKTOP-2AKG903" failures="0" tests="0" time="0.007" errors="0" timestamp="2021-07-09T11:37:56 PDT">
  <testcase classname="com.Test.Example_5" name="LoginAPI" time="0.0">
    <ignored/>
  </testcase> <!-- LoginAPI -->
  <testcase classname="com.Test.Example_5" name="MobileLogin" time="0.0">
    <ignored/>
  </testcase> <!-- MobileLogin -->
  <testcase classname="com.Test.Example_5" name="MobileSignOut" time="0.0">
    <ignored/>
  </testcase> <!-- MobileSignOut -->
  <testcase classname="com.Test.Example_1" name="App" time="0.0">
    <ignored/>
  </testcase> <!-- App -->
  <testcase classname="com.Test.Example_5" name="WebLogin" time="0.0">
    <ignored/>
  </testcase> <!-- WebLogin -->
  <testcase classname="com.Test.Example_5" name="MobileSignIn" time="0.0">
    <ignored/>
  </testcase> <!-- MobileSignIn -->
  <testcase classname="com.Test.Example_2" name="demo2" time="0.0">
    <ignored/>
  </testcase> <!-- demo2 -->
  <testcase classname="com.Test.Example_4" name="demo4" time="0.0">
    <ignored/>
  </testcase> <!-- demo4 -->
  <testcase classname="com.Test.Example_5" name="MobileTest" time="0.0">
    <ignored/>
  </testcase> <!-- MobileTest -->
  <testcase classname="com.Test.Example_3" name="demo3" time="0.0">
    <ignored/>
  </testcase> <!-- demo3 -->
  <testcase classname="com.Test.Example_1" name="demo1" time="0.0">
    <ignored/>
  </testcase> <!-- demo1 -->
</testsuite>
