<?xml version="1.0" encoding="UTF-8"?>
<!-- Generated by org.testng.reporters.JUnitXMLReporter -->
<testsuite ignored="0" hostname="DESKTOP-2AKG903" failures="0" tests="38" name="Regression suite 1" time="0.184" errors="0" timestamp="2021-07-09T14:16:08 PDT">
  <testcase classname="com.Test.Example_1" name="App" time="0.006"/>
  <testcase classname="com.Test.Example_1" name="demo1" time="0.002"/>
  <testcase classname="com.Test1.Example_D" name="App7" time="0.001"/>
  <testcase classname="com.Test1.Example_D" name="demo7" time="0.002"/>
  <testcase classname="com.Test.Example_2" name="demo2" time="0.002"/>
  <testcase classname="com.Test.Example_3" name="demo3" time="0.001"/>
  <testcase classname="com.Test.Example_4" name="demo4" time="0.002"/>
  <testcase classname="com.Test.Example_5" name="LoginAPI" time="0.002"/>
  <testcase classname="com.Test.Example_5" name="MobileLogin" time="0.001"/>
  <testcase classname="com.Test.Example_5" name="MobileSignIn" time="0.0"/>
  <testcase classname="com.Test.Example_5" name="MobileSignOut" time="0.002"/>
  <testcase classname="com.Test.Example_5" name="MobileTest" time="0.001"/>
  <testcase classname="com.Test.Example_5" name="WebLogin" time="0.002"/>
  <testcase classname="com.Test.Example_6a_Priority" name="CloseBrowser" time="0.001"/>
  <testcase classname="com.Test.Example_6a_Priority" name="LogOutBrowser" time="0.003"/>
  <testcase classname="com.Test.Example_6a_Priority" name="OpenBrowser" time="0.001"/>
  <testcase classname="com.Test.Example_6a_Priority" name="LoginBrowser" time="0.002"/>
  <testcase classname="com.Test.Example_6_Annotations" name="testCase1" time="0.002"/>
  <testcase classname="com.Test.Example_6_Annotations" name="testCase2" time="0.0"/>
  <testcase classname="com.Test.Example_6_Annotations" name="testCase3" time="0.001"/>
  <testcase classname="com.Test.Example_7_dependsOnMethods" name="OpenBrowser" time="0.001"/>
  <testcase classname="com.Test.Example_7_dependsOnMethods" name="LogIn" time="0.001"/>
  <testcase classname="com.Test.Example_8_enabled" name="LoginAPI" time="0.001"/>
  <testcase classname="com.Test.Example_8_enabled" name="MobileLogin" time="0.002"/>
  <testcase classname="com.Test.Example_8_enabled" name="MobileSignIn" time="0.002"/>
  <testcase classname="com.Test.Example_8_enabled" name="MobileSignOut" time="0.001"/>
  <testcase classname="com.Test.Example_8_enabled" name="MobileTest" time="0.011"/>
  <testcase classname="com.Test.Example_8_enabled" name="WebLogin" time="0.001"/>
  <testcase classname="com.Test.Example_9_timeout" name="LoginAPI" time="0.001"/>
  <testcase classname="com.Test.Example_9_timeout" name="MobileLogin" time="0.001"/>
  <testcase classname="com.Test.Example_9_timeout" name="MobileSignIn" time="0.002"/>
  <testcase classname="com.Test.Example_9_timeout" name="MobileSignOut" time="0.001"/>
  <testcase classname="com.Test.Example_9_timeout" name="WebLogin" time="0.002"/>
  <testcase classname="com.Test.Example_A_Parameterize" name="LoginAPI" time="0.001"/>
  <testcase classname="com.Test.Example_A_Parameterize" name="MobileLogin" time="0.001"/>
  <testcase classname="com.Test.Example_A_Parameterize" name="MobileSignIn" time="0.0"/>
  <testcase classname="com.Test.Example_A_Parameterize" name="MobileSignOut" time="0.001"/>
  <testcase classname="com.Test.Example_A_Parameterize" name="MobileTest" time="0.001"/>
</testsuite> <!-- Regression suite 1 -->
