<?xml version="1.0" encoding="UTF-8"?>
<!-- Generated by org.testng.reporters.JUnitXMLReporter -->
<testsuite ignored="0" hostname="DESKTOP-2AKG903" failures="0" tests="5" name="Test2" time="0.043" errors="0" timestamp="2021-07-07T09:49:50 PDT">
  <testcase classname="com.Test.Example_1" name="App" time="0.006"/>
  <testcase classname="com.Test.Example_1" name="demo1" time="0.001"/>
  <testcase classname="com.Test.Example_2" name="demo2" time="0.002"/>
  <testcase classname="com.Test.Example_3" name="demo3" time="0.001"/>
  <testcase classname="com.Test.Example_4" name="demo4" time="0.001"/>
</testsuite> <!-- Test2 -->
