<?xml version="1.0" encoding="UTF-8"?>
<!-- Generated by org.testng.reporters.JUnitXMLReporter -->
<testsuite ignored="0" hostname="DESKTOP-2AKG903" failures="0" tests="5" name="Test" time="0.038" errors="0" timestamp="2021-07-28T01:58:49 PDT">
  <testcase classname="com.Test.ParallelTestingDemo" name="Test1" time="0.008"/>
  <testcase classname="com.Test.ParallelTestingDemo" name="Test2" time="0.008"/>
  <testcase classname="com.Test.ParallelTestingDemo" name="Test1" time="0.008"/>
  <testcase classname="com.Test.ParallelTestingDemo" name="Test1" time="0.001"/>
  <testcase classname="com.Test.ParallelTestingDemo" name="Test3" time="0.003"/>
</testsuite> <!-- Test -->
