<?xml version="1.0" encoding="UTF-8"?>
<!-- Generated by org.testng.reporters.JUnitXMLReporter -->
<testsuite ignored="4" hostname="DESKTOP-2AKG903" failures="0" tests="2" name="Test3" time="0.005" errors="0" timestamp="2021-07-07T09:56:49 PDT">
  <testcase classname="com.Test.Example_5" name="LoginAPI" time="0.001"/>
  <testcase classname="com.Test.Example_5" name="WebLogin" time="0.0"/>
  <testcase classname="com.Test.Example_5" name="MobileLogin" time="0.0">
    <ignored/>
  </testcase> <!-- MobileLogin -->
  <testcase classname="com.Test.Example_5" name="MobileSignOut" time="0.0">
    <ignored/>
  </testcase> <!-- MobileSignOut -->
  <testcase classname="com.Test.Example_5" name="MobileSignIn" time="0.0">
    <ignored/>
  </testcase> <!-- MobileSignIn -->
  <testcase classname="com.Test.Example_5" name="MobileTest" time="0.0">
    <ignored/>
  </testcase> <!-- MobileTest -->
</testsuite> <!-- Test3 -->
